{"D:\\ScaleReal\\rest-countries-api-with-color-theme-switcher-master-typescript\\src\\utils.ts": {"path":"D:\\ScaleReal\\rest-countries-api-with-color-theme-switcher-master-typescript\\src\\utils.ts","statementMap":{"0":{"start":{"line":3,"column":25},"end":{"line":8,"column":1}},"1":{"start":{"line":5,"column":17},"end":{"line":5,"column":56}},"2":{"start":{"line":6,"column":2},"end":{"line":6,"column":32}},"3":{"start":{"line":7,"column":2},"end":{"line":7,"column":14}},"4":{"start":{"line":39,"column":9},"end":{"line":39,"column":25}},"5":{"start":{"line":9,"column":21},"end":{"line":25,"column":1}},"6":{"start":{"line":13,"column":2},"end":{"line":13,"column":28}},"7":{"start":{"line":15,"column":2},"end":{"line":24,"column":3}},"8":{"start":{"line":16,"column":16},"end":{"line":16,"column":41}},"9":{"start":{"line":17,"column":22},"end":{"line":17,"column":38}},"10":{"start":{"line":18,"column":4},"end":{"line":18,"column":16}},"11":{"start":{"line":20,"column":4},"end":{"line":22,"column":5}},"12":{"start":{"line":21,"column":6},"end":{"line":21,"column":83}},"13":{"start":{"line":23,"column":4},"end":{"line":23,"column":16}},"14":{"start":{"line":39,"column":27},"end":{"line":39,"column":39}},"15":{"start":{"line":27,"column":19},"end":{"line":31,"column":1}},"16":{"start":{"line":28,"column":22},"end":{"line":28,"column":49}},"17":{"start":{"line":29,"column":2},"end":{"line":29,"column":63}},"18":{"start":{"line":30,"column":2},"end":{"line":30,"column":21}},"19":{"start":{"line":39,"column":41},"end":{"line":39,"column":51}},"20":{"start":{"line":33,"column":24},"end":{"line":38,"column":1}},"21":{"start":{"line":34,"column":22},"end":{"line":34,"column":51}},"22":{"start":{"line":35,"column":2},"end":{"line":35,"column":24}},"23":{"start":{"line":36,"column":2},"end":{"line":36,"column":24}},"24":{"start":{"line":37,"column":2},"end":{"line":37,"column":21}},"25":{"start":{"line":39,"column":53},"end":{"line":39,"column":68}}},"fnMap":{"0":{"name":"(anonymous_0)","decl":{"start":{"line":3,"column":25},"end":{"line":3,"column":26}},"loc":{"start":{"line":3,"column":49},"end":{"line":8,"column":1}}},"1":{"name":"(anonymous_1)","decl":{"start":{"line":9,"column":21},"end":{"line":9,"column":26}},"loc":{"start":{"line":12,"column":25},"end":{"line":25,"column":1}}},"2":{"name":"(anonymous_2)","decl":{"start":{"line":27,"column":19},"end":{"line":27,"column":20}},"loc":{"start":{"line":27,"column":74},"end":{"line":31,"column":1}}},"3":{"name":"(anonymous_3)","decl":{"start":{"line":33,"column":24},"end":{"line":33,"column":25}},"loc":{"start":{"line":33,"column":71},"end":{"line":38,"column":1}}}},"branchMap":{"0":{"loc":{"start":{"line":20,"column":4},"end":{"line":22,"column":5}},"type":"if","locations":[{"start":{"line":20,"column":4},"end":{"line":22,"column":5}}]},"1":{"loc":{"start":{"line":29,"column":28},"end":{"line":29,"column":62}},"type":"cond-expr","locations":[{"start":{"line":29,"column":36},"end":{"line":29,"column":55}},{"start":{"line":29,"column":58},"end":{"line":29,"column":62}}]}},"s":{"0":1,"1":0,"2":0,"3":0,"4":1,"5":1,"6":0,"7":0,"8":0,"9":0,"10":0,"11":0,"12":0,"13":0,"14":1,"15":1,"16":2,"17":2,"18":2,"19":1,"20":1,"21":0,"22":0,"23":0,"24":0,"25":1},"f":{"0":0,"1":0,"2":2,"3":0},"b":{"0":[0],"1":[1,1]}}
}
