{"D:\\ScaleReal\\rest-countries-api-with-color-theme-switcher-master-typescript\\src\\sum.ts": {"path":"D:\\ScaleReal\\rest-countries-api-with-color-theme-switcher-master-typescript\\src\\sum.ts","statementMap":{"0":{"start":{"line":2,"column":2},"end":{"line":2,"column":21}},"1":{"start":{"line":1,"column":0},"end":{"line":1,"column":16}}},"fnMap":{"0":{"name":"add","decl":{"start":{"line":1,"column":16},"end":{"line":1,"column":19}},"loc":{"start":{"line":1,"column":46},"end":{"line":3,"column":1}}}},"branchMap":{},"s":{"0":2,"1":1},"f":{"0":2},"b":{}}
}
