TN:
SF:src\utils.ts
FN:3,(anonymous_0)
FN:9,(anonymous_1)
FN:25,(anonymous_2)
FN:31,(anonymous_3)
FN:38,(anonymous_4)
FN:45,(anonymous_5)
FN:58,(anonymous_6)
FN:65,(anonymous_7)
FNF:8
FNH:6
FNDA:0,(anonymous_0)
FNDA:2,(anonymous_1)
FNDA:2,(anonymous_2)
FNDA:0,(anonymous_3)
FNDA:2,(anonymous_4)
FNDA:6,(anonymous_5)
FNDA:2,(anonymous_6)
FNDA:5,(anonymous_7)
DA:3,3
DA:5,0
DA:6,0
DA:7,0
DA:9,3
DA:13,2
DA:14,2
DA:15,1
DA:16,1
DA:18,1
DA:19,1
DA:21,1
DA:25,3
DA:26,2
DA:27,2
DA:28,2
DA:31,3
DA:32,0
DA:33,0
DA:34,0
DA:35,0
DA:38,3
DA:44,2
DA:45,1
DA:46,6
DA:52,1
DA:54,2
DA:55,2
DA:58,3
DA:64,2
DA:65,1
DA:66,5
DA:71,1
DA:72,1
DA:74,1
DA:76,1
DA:80,3
DA:81,3
DA:82,3
DA:83,3
DA:84,3
DA:85,3
LF:42
LH:35
BRDA:18,0,0,1
BRDA:27,1,0,1
BRDA:27,1,1,1
BRDA:44,2,0,1
BRDA:44,2,1,1
BRDA:64,3,0,1
BRDA:64,3,1,1
BRF:7
BRH:7
end_of_record
