TN:
SF:src\utils.ts
FN:3,(anonymous_0)
FN:9,(anonymous_1)
FN:25,(anonymous_2)
FN:31,(anonymous_3)
FN:38,(anonymous_4)
FN:47,(anonymous_5)
FN:60,(anonymous_6)
FN:70,(anonymous_7)
FNF:8
FNH:2
FNDA:0,(anonymous_0)
FNDA:2,(anonymous_1)
FNDA:2,(anonymous_2)
FNDA:0,(anonymous_3)
FNDA:0,(anonymous_4)
FNDA:0,(anonymous_5)
FNDA:0,(anonymous_6)
FNDA:0,(anonymous_7)
DA:3,3
DA:5,0
DA:6,0
DA:7,0
DA:9,3
DA:13,2
DA:14,2
DA:15,1
DA:16,1
DA:18,1
DA:19,1
DA:21,1
DA:25,3
DA:26,2
DA:27,2
DA:28,2
DA:31,3
DA:32,0
DA:33,0
DA:34,0
DA:35,0
DA:38,3
DA:44,0
DA:46,0
DA:47,0
DA:48,0
DA:54,0
DA:56,0
DA:57,0
DA:60,3
DA:66,0
DA:67,0
DA:69,0
DA:70,0
DA:71,0
DA:76,0
DA:77,0
DA:79,0
DA:81,0
DA:85,3
DA:86,3
DA:87,3
DA:88,3
DA:89,3
DA:90,3
LF:45
LH:22
BRDA:18,0,0,1
BRDA:27,1,0,1
BRDA:27,1,1,1
BRDA:46,2,0,0
BRDA:46,2,1,0
BRDA:69,3,0,0
BRDA:69,3,1,0
BRF:7
BRH:3
end_of_record
